# JRE version: OpenJDK Runtime Environment (11.0.15) (build 11.0.15+0-b2043.56-8887301)
# Java VM: OpenJDK 64-Bit Server VM (11.0.15+0-b2043.56-8887301, mixed mode, tiered, compressed oops, g1 gc, windows-amd64)
Heap:
 garbage-first heap   total 196608K, used 27464K [0x0000000740a00000, 0x0000000800000000)
  region size 1024K, 12 young (12288K), 7 survivors (7168K)
 Metaspace       used 33368K, capacity 33843K, committed 34096K, reserved 1079296K
  class space    used 4163K, capacity 4387K, committed 4480K, reserved 1048576K
GC Heap History (6 events):
Event: 0.336 GC heap before
{Heap before GC invocations=0 (full 0):
 garbage-first heap   total 196608K, used 18432K [0x0000000740a00000, 0x0000000800000000)
  region size 1024K, 14 young (14336K), 0 survivors (0K)
 Metaspace       used 9736K, capacity 9839K, committed 10112K, reserved 1058816K
  class space    used 810K, capacity 852K, committed 896K, reserved 1048576K
}
Event: 0.338 GC heap after
{Heap after GC invocations=1 (full 0):
 garbage-first heap   total 196608K, used 6281K [0x0000000740a00000, 0x0000000800000000)
  region size 1024K, 2 young (2048K), 2 survivors (2048K)
 Metaspace       used 9736K, capacity 9839K, committed 10112K, reserved 1058816K
  class space    used 810K, capacity 852K, committed 896K, reserved 1048576K
}
Event: 1.202 GC heap before
{Heap before GC invocations=1 (full 0):
 garbage-first heap   total 196608K, used 53385K [0x0000000740a00000, 0x0000000800000000)
  region size 1024K, 49 young (50176K), 2 survivors (2048K)
 Metaspace       used 20856K, capacity 21156K, committed 21296K, reserved 1069056K
  class space    used 2244K, capacity 2373K, committed 2432K, reserved 1048576K
}
Event: 1.209 GC heap after
{Heap after GC invocations=2 (full 0):
 garbage-first heap   total 196608K, used 11009K [0x0000000740a00000, 0x0000000800000000)
  region size 1024K, 7 young (7168K), 7 survivors (7168K)
 Metaspace       used 20856K, capacity 21156K, committed 21296K, reserved 1069056K
  class space    used 2244K, capacity 2373K, committed 2432K, reserved 1048576K
}
Event: 1.980 GC heap before
{Heap before GC invocations=3 (full 0):
 garbage-first heap   total 196608K, used 66305K [0x0000000740a00000, 0x0000000800000000)
  region size 1024K, 55 young (56320K), 7 survivors (7168K)
 Metaspace       used 32140K, capacity 32651K, committed 32944K, reserved 1079296K
  class space    used 3823K, capacity 4033K, committed 4096K, reserved 1048576K
}
Event: 1.991 GC heap after
{Heap after GC invocations=4 (full 0):
 garbage-first heap   total 196608K, used 23368K [0x0000000740a00000, 0x0000000800000000)
  region size 1024K, 7 young (7168K), 7 survivors (7168K)
 Metaspace       used 32140K, capacity 32651K, committed 32944K, reserved 1079296K
  class space    used 3823K, capacity 4033K, committed 4096K, reserved 1048576K
}

