# JRE version: OpenJDK Runtime Environment (11.0.15) (build 11.0.15+0-b2043.56-8887301)
# Java VM: OpenJDK 64-Bit Server VM (11.0.15+0-b2043.56-8887301, mixed mode, tiered, compressed oops, g1 gc, windows-amd64)
Heap:
 garbage-first heap   total 346112K, used 286080K [0x0000000080000000, 0x0000000100000000)
  region size 1024K, 88 young (90112K), 10 survivors (10240K)
 Metaspace       used 181442K, capacity 187669K, committed 187944K, reserved 1212416K
  class space    used 21925K, capacity 24284K, committed 24320K, reserved 1048576K
GC Heap History (20 events):
Event: 1064.916 GC heap before
{Heap before GC invocations=67 (full 0):
 garbage-first heap   total 346112K, used 278174K [0x0000000080000000, 0x0000000100000000)
  region size 1024K, 117 young (119808K), 9 survivors (9216K)
 Metaspace       used 149669K, capacity 155047K, committed 167336K, reserved 1193984K
  class space    used 18428K, capacity 20428K, committed 22656K, reserved 1048576K
}
Event: 1064.932 GC heap after
{Heap after GC invocations=68 (full 0):
 garbage-first heap   total 346112K, used 173754K [0x0000000080000000, 0x0000000100000000)
  region size 1024K, 15 young (15360K), 15 survivors (15360K)
 Metaspace       used 149669K, capacity 155047K, committed 167336K, reserved 1193984K
  class space    used 18428K, capacity 20428K, committed 22656K, reserved 1048576K
}
Event: 1066.665 GC heap before
{Heap before GC invocations=68 (full 0):
 garbage-first heap   total 346112K, used 284346K [0x0000000080000000, 0x0000000100000000)
  region size 1024K, 115 young (117760K), 15 survivors (15360K)
 Metaspace       used 159598K, capacity 164980K, committed 167336K, reserved 1193984K
  class space    used 19531K, capacity 21538K, committed 22656K, reserved 1048576K
}
Event: 1066.685 GC heap after
{Heap after GC invocations=69 (full 0):
 garbage-first heap   total 346112K, used 186368K [0x0000000080000000, 0x0000000100000000)
  region size 1024K, 14 young (14336K), 14 survivors (14336K)
 Metaspace       used 159598K, capacity 164980K, committed 167336K, reserved 1193984K
  class space    used 19531K, capacity 21538K, committed 22656K, reserved 1048576K
}
Event: 1318.201 GC heap before
{Heap before GC invocations=69 (full 0):
 garbage-first heap   total 346112K, used 276480K [0x0000000080000000, 0x0000000100000000)
  region size 1024K, 103 young (105472K), 14 survivors (14336K)
 Metaspace       used 161047K, capacity 166781K, committed 167592K, reserved 1193984K
  class space    used 19734K, capacity 21907K, committed 22656K, reserved 1048576K
}
Event: 1318.221 GC heap after
{Heap after GC invocations=70 (full 0):
 garbage-first heap   total 346112K, used 181677K [0x0000000080000000, 0x0000000100000000)
  region size 1024K, 8 young (8192K), 8 survivors (8192K)
 Metaspace       used 161047K, capacity 166781K, committed 167592K, reserved 1193984K
  class space    used 19734K, capacity 21907K, committed 22656K, reserved 1048576K
}
Event: 1321.125 GC heap before
{Heap before GC invocations=70 (full 0):
 garbage-first heap   total 346112K, used 286125K [0x0000000080000000, 0x0000000100000000)
  region size 1024K, 103 young (105472K), 8 survivors (8192K)
 Metaspace       used 161579K, capacity 167524K, committed 168104K, reserved 1196032K
  class space    used 19841K, capacity 22121K, committed 22656K, reserved 1048576K
}
Event: 1321.140 GC heap after
{Heap after GC invocations=71 (full 0):
 garbage-first heap   total 346112K, used 194742K [0x0000000080000000, 0x0000000100000000)
  region size 1024K, 12 young (12288K), 12 survivors (12288K)
 Metaspace       used 161579K, capacity 167524K, committed 168104K, reserved 1196032K
  class space    used 19841K, capacity 22121K, committed 22656K, reserved 1048576K
}
Event: 1326.158 GC heap before
{Heap before GC invocations=71 (full 0):
 garbage-first heap   total 346112K, used 282806K [0x0000000080000000, 0x0000000100000000)
  region size 1024K, 96 young (98304K), 12 survivors (12288K)
 Metaspace       used 171938K, capacity 177914K, committed 177960K, reserved 1204224K
  class space    used 20977K, capacity 23256K, committed 23296K, reserved 1048576K
}
Event: 1326.166 GC heap after
{Heap after GC invocations=72 (full 0):
 garbage-first heap   total 346112K, used 189980K [0x0000000080000000, 0x0000000100000000)
  region size 1024K, 3 young (3072K), 3 survivors (3072K)
 Metaspace       used 171938K, capacity 177914K, committed 177960K, reserved 1204224K
  class space    used 20977K, capacity 23256K, committed 23296K, reserved 1048576K
}
Event: 1341.379 GC heap before
{Heap before GC invocations=72 (full 0):
 garbage-first heap   total 346112K, used 295452K [0x0000000080000000, 0x0000000100000000)
  region size 1024K, 95 young (97280K), 3 survivors (3072K)
 Metaspace       used 172389K, capacity 178492K, committed 178856K, reserved 1204224K
  class space    used 21006K, capacity 23315K, committed 23424K, reserved 1048576K
}
Event: 1341.387 GC heap after
{Heap after GC invocations=73 (full 0):
 garbage-first heap   total 346112K, used 195546K [0x0000000080000000, 0x0000000100000000)
  region size 1024K, 7 young (7168K), 7 survivors (7168K)
 Metaspace       used 172389K, capacity 178492K, committed 178856K, reserved 1204224K
  class space    used 21006K, capacity 23315K, committed 23424K, reserved 1048576K
}
Event: 1383.903 GC heap before
{Heap before GC invocations=73 (full 0):
 garbage-first heap   total 346112K, used 286682K [0x0000000080000000, 0x0000000100000000)
  region size 1024K, 97 young (99328K), 7 survivors (7168K)
 Metaspace       used 172610K, capacity 178744K, committed 178856K, reserved 1204224K
  class space    used 21014K, capacity 23330K, committed 23424K, reserved 1048576K
}
Event: 1383.911 GC heap after
{Heap after GC invocations=74 (full 0):
 garbage-first heap   total 346112K, used 194115K [0x0000000080000000, 0x0000000100000000)
  region size 1024K, 7 young (7168K), 7 survivors (7168K)
 Metaspace       used 172610K, capacity 178744K, committed 178856K, reserved 1204224K
  class space    used 21014K, capacity 23330K, committed 23424K, reserved 1048576K
}
Event: 1475.227 GC heap before
{Heap before GC invocations=74 (full 0):
 garbage-first heap   total 346112K, used 288323K [0x0000000080000000, 0x0000000100000000)
  region size 1024K, 100 young (102400K), 7 survivors (7168K)
 Metaspace       used 172891K, capacity 178955K, committed 179112K, reserved 1206272K
  class space    used 21052K, capacity 23399K, committed 23424K, reserved 1048576K
}
Event: 1475.245 GC heap after
{Heap after GC invocations=75 (full 0):
 garbage-first heap   total 346112K, used 195139K [0x0000000080000000, 0x0000000100000000)
  region size 1024K, 8 young (8192K), 8 survivors (8192K)
 Metaspace       used 172891K, capacity 178955K, committed 179112K, reserved 1206272K
  class space    used 21052K, capacity 23399K, committed 23424K, reserved 1048576K
}
Event: 1624.382 GC heap before
{Heap before GC invocations=75 (full 0):
 garbage-first heap   total 346112K, used 299587K [0x0000000080000000, 0x0000000100000000)
  region size 1024K, 101 young (103424K), 8 survivors (8192K)
 Metaspace       used 173125K, capacity 179256K, committed 179368K, reserved 1206272K
  class space    used 21055K, capacity 23405K, committed 23424K, reserved 1048576K
}
Event: 1624.388 GC heap after
{Heap after GC invocations=76 (full 0):
 garbage-first heap   total 346112K, used 192249K [0x0000000080000000, 0x0000000100000000)
  region size 1024K, 4 young (4096K), 4 survivors (4096K)
 Metaspace       used 173125K, capacity 179256K, committed 179368K, reserved 1206272K
  class space    used 21055K, capacity 23405K, committed 23424K, reserved 1048576K
}
Event: 1626.886 GC heap before
{Heap before GC invocations=76 (full 0):
 garbage-first heap   total 346112K, used 291577K [0x0000000080000000, 0x0000000100000000)
  region size 1024K, 100 young (102400K), 4 survivors (4096K)
 Metaspace       used 173241K, capacity 179388K, committed 179624K, reserved 1206272K
  class space    used 21055K, capacity 23405K, committed 23424K, reserved 1048576K
}
Event: 1626.898 GC heap after
{Heap after GC invocations=77 (full 0):
 garbage-first heap   total 346112K, used 199040K [0x0000000080000000, 0x0000000100000000)
  region size 1024K, 10 young (10240K), 10 survivors (10240K)
 Metaspace       used 173241K, capacity 179388K, committed 179624K, reserved 1206272K
  class space    used 21055K, capacity 23405K, committed 23424K, reserved 1048576K
}

